2026-05-02 18:25:12.558 INFO  [notification-service] [main] c.s.n.c.NotificationControllerTest - Starting NotificationControllerTest using Java 21.0.7 with PID 32648 (started by udaya in C:\Users\udaya\Downloads\SkillSync_FullStack\SkillSync-FullStack\Backend\notification-service)
2026-05-02 18:25:12.559 DEBUG [notification-service] [main] c.s.n.c.NotificationControllerTest - Running with Spring Boot v3.4.4, Spring v6.2.5
2026-05-02 18:25:12.561 INFO  [notification-service] [main] c.s.n.c.NotificationControllerTest - No active profile set, falling back to 1 default profile: "default"
2026-05-02 18:25:12.592 WARN  [notification-service] [main] o.s.c.c.c.ConfigServerConfigDataLoader - Could not locate PropertySource ([ConfigServerConfigDataResource@323fa578 uris = array<String>['http://localhost:8888'], optional = true, profiles = 'default']): I/O error on GET request for "http://localhost:8888/application/default": Connection refused: getsockopt
2026-05-02 18:25:12.592 WARN  [notification-service] [main] o.s.c.c.c.ConfigServerConfigDataLoader - Could not locate PropertySource ([ConfigServerConfigDataResource@7bd76b79 uris = array<String>['http://localhost:8888'], optional = true, profiles = 'default']): I/O error on GET request for "http://localhost:8888/application/default": Connection refused: getsockopt
2026-05-02 18:25:12.592 WARN  [notification-service] [main] o.s.c.c.c.ConfigServerConfigDataLoader - Could not locate PropertySource ([ConfigServerConfigDataResource@5fdfa35d uris = array<String>['http://localhost:8888'], optional = true, profiles = 'default']): I/O error on GET request for "http://localhost:8888/application/default": Connection refused: getsockopt
2026-05-02 18:25:14.285 INFO  [notification-service] [main] c.s.n.c.NotificationControllerTest - Started NotificationControllerTest in 3.183 seconds (process running for 13.05)
2026-05-02 18:25:14.632 INFO  [notification-service] [main] c.s.n.s.c.NotificationCommandService - [CQRS:COMMAND] Deleted 5 notifications for user 100
2026-05-02 18:25:14.638 INFO  [notification-service] [main] c.s.n.s.c.NotificationCommandService - [CQRS:COMMAND] Notification sent to user 100. Cache invalidated.
2026-05-02 18:25:14.859 INFO  [notification-service] [main] c.s.n.service.EmailService - [EMAIL] Sending welcome email | to=to@test.com | emailType=welcome
2026-05-02 18:25:14.868 INFO  [notification-service] [main] c.s.n.service.EmailService - [EMAIL] Successfully sent | to=to@test.com | emailType=welcome
2026-05-02 18:25:14.870 INFO  [notification-service] [main] c.s.n.service.EmailService - [EMAIL] Sending welcome email | to=to@test.com | emailType=welcome
2026-05-02 18:25:14.876 ERROR [notification-service] [main] c.s.n.service.EmailService - [EMAIL] Unexpected error | to=to@test.com | emailType=welcome | error=SMTP error
2026-05-02 18:25:14.877 WARN  [notification-service] [main] c.s.n.service.EmailService - [EMAIL] Retry event published | to=to@test.com | emailType=welcome | retryCount=0
2026-05-02 18:25:14.880 INFO  [notification-service] [main] c.s.n.service.EmailService - [EMAIL] Sending welcome email | to=to@test.com | emailType=welcome
2026-05-02 18:25:14.880 ERROR [notification-service] [main] c.s.n.service.EmailService - [EMAIL] Unexpected error | to=to@test.com | emailType=welcome | error=OOM
2026-05-02 18:25:14.881 WARN  [notification-service] [main] c.s.n.service.EmailService - [EMAIL] Retry event published | to=to@test.com | emailType=welcome | retryCount=0
2026-05-02 18:25:14.906 INFO  [notification-service] [main] c.s.n.service.NotificationService - Notification sent to user 100: SESSION - New Session
2026-05-02 18:25:14.982 WARN  [notification-service] [main] c.s.n.service.WebSocketService - Failed to push WebSocket notification to user 100: WebSocket down
2026-05-02 18:25:14.985 DEBUG [notification-service] [main] c.s.n.service.WebSocketService - WebSocket push to user 100: SESSION
