2026-05-02 18:24:42.971 INFO  [auth-service] [main] c.s.a.controller.AuthControllerTest - Starting AuthControllerTest using Java 21.0.7 with PID 6048 (started by udaya in C:\Users\udaya\Downloads\SkillSync_FullStack\SkillSync-FullStack\Backend\auth-service)
2026-05-02 18:24:42.972 DEBUG [auth-service] [main] c.s.a.controller.AuthControllerTest - Running with Spring Boot v3.4.4, Spring v6.2.5
2026-05-02 18:24:42.973 INFO  [auth-service] [main] c.s.a.controller.AuthControllerTest - No active profile set, falling back to 1 default profile: "default"
2026-05-02 18:24:43.011 WARN  [auth-service] [main] o.s.c.c.c.ConfigServerConfigDataLoader - Could not locate PropertySource ([ConfigServerConfigDataResource@56929ce uris = array<String>['http://localhost:8888'], optional = true, profiles = 'default']): I/O error on GET request for "http://localhost:8888/application/default": Connection refused: getsockopt
2026-05-02 18:24:43.012 WARN  [auth-service] [main] o.s.c.c.c.ConfigServerConfigDataLoader - Could not locate PropertySource ([ConfigServerConfigDataResource@5de15ce1 uris = array<String>['http://localhost:8888'], optional = true, profiles = 'default']): I/O error on GET request for "http://localhost:8888/application/default": Connection refused: getsockopt
2026-05-02 18:24:43.012 WARN  [auth-service] [main] o.s.c.c.c.ConfigServerConfigDataLoader - Could not locate PropertySource ([ConfigServerConfigDataResource@33544cc5 uris = array<String>['http://localhost:8888'], optional = true, profiles = 'default']): I/O error on GET request for "http://localhost:8888/application/default": Connection refused: getsockopt
2026-05-02 18:24:45.170 WARN  [auth-service] [main] o.s.s.c.a.a.c.InitializeUserDetailsBeanManagerConfigurer$InitializeUserDetailsManagerConfigurer - Found 2 UserDetailsService beans, with names [inMemoryUserDetailsManager, com.skillsync.auth.security.UserDetailsServiceImpl#0]. Global Authentication Manager will not use a UserDetailsService for username/password login. Consider publishing a single UserDetailsService bean.
2026-05-02 18:24:45.436 WARN  [auth-service] [main] o.s.b.a.s.s.UserDetailsServiceAutoConfiguration - 

Using generated security password: 725da4ec-657c-4540-b2f8-2211d6358584

This generated password is for development use only. Your security configuration must be updated before running your application in production.

2026-05-02 18:24:45.498 INFO  [auth-service] [main] c.s.a.controller.AuthControllerTest - Started AuthControllerTest in 4.299 seconds (process running for 9.795)
2026-05-02 18:24:46.202 INFO  [auth-service] [main] c.s.a.c.LoginControllerEdgeTest - Starting LoginControllerEdgeTest using Java 21.0.7 with PID 6048 (started by udaya in C:\Users\udaya\Downloads\SkillSync_FullStack\SkillSync-FullStack\Backend\auth-service)
2026-05-02 18:24:46.202 DEBUG [auth-service] [main] c.s.a.c.LoginControllerEdgeTest - Running with Spring Boot v3.4.4, Spring v6.2.5
2026-05-02 18:24:46.202 INFO  [auth-service] [main] c.s.a.c.LoginControllerEdgeTest - No active profile set, falling back to 1 default profile: "default"
2026-05-02 18:24:46.204 WARN  [auth-service] [main] o.s.c.c.c.ConfigServerConfigDataLoader - Could not locate PropertySource ([ConfigServerConfigDataResource@5f4fdc1f uris = array<String>['http://localhost:8888'], optional = true, profiles = 'default']): I/O error on GET request for "http://localhost:8888/application/default": Connection refused: getsockopt
2026-05-02 18:24:46.204 WARN  [auth-service] [main] o.s.c.c.c.ConfigServerConfigDataLoader - Could not locate PropertySource ([ConfigServerConfigDataResource@75417534 uris = array<String>['http://localhost:8888'], optional = true, profiles = 'default']): I/O error on GET request for "http://localhost:8888/application/default": Connection refused: getsockopt
2026-05-02 18:24:46.204 WARN  [auth-service] [main] o.s.c.c.c.ConfigServerConfigDataLoader - Could not locate PropertySource ([ConfigServerConfigDataResource@1e3f5e42 uris = array<String>['http://localhost:8888'], optional = true, profiles = 'default']): I/O error on GET request for "http://localhost:8888/application/default": Connection refused: getsockopt
2026-05-02 18:24:46.448 WARN  [auth-service] [main] o.s.s.c.a.a.c.InitializeUserDetailsBeanManagerConfigurer$InitializeUserDetailsManagerConfigurer - Found 2 UserDetailsService beans, with names [inMemoryUserDetailsManager, com.skillsync.auth.security.UserDetailsServiceImpl#0]. Global Authentication Manager will not use a UserDetailsService for username/password login. Consider publishing a single UserDetailsService bean.
2026-05-02 18:24:46.465 WARN  [auth-service] [main] o.s.b.a.s.s.UserDetailsServiceAutoConfiguration - 

Using generated security password: 6cfd01bd-f3f4-40b5-b75d-157ec222cc99

This generated password is for development use only. Your security configuration must be updated before running your application in production.

2026-05-02 18:24:46.475 INFO  [auth-service] [main] c.s.a.c.LoginControllerEdgeTest - Started LoginControllerEdgeTest in 0.385 seconds (process running for 10.772)
2026-05-02 18:24:46.515 WARN  [auth-service] [main] c.s.a.e.GlobalExceptionHandler - Validation failed: {email=must not be blank}
2026-05-02 18:24:46.559 ERROR [auth-service] [main] c.s.a.e.GlobalExceptionHandler - Runtime exception: fail
2026-05-02 18:24:46.635 WARN  [auth-service] [main] c.s.a.e.GlobalExceptionHandler - Resource not found: User not found
2026-05-02 18:24:46.641 ERROR [auth-service] [main] c.s.a.e.GlobalExceptionHandler - Unexpected error occurred
java.lang.Exception: Critical error
	at com.skillsync.auth.exception.GlobalExceptionHandlerTest.handleGenericException_shouldReturn500(GlobalExceptionHandlerTest.java:58)
	at java.base/jdk.internal.reflect.DirectMethodHandleAccessor.invoke(DirectMethodHandleAccessor.java:103)
	at java.base/java.lang.reflect.Method.invoke(Method.java:580)
	at org.junit.platform.commons.util.ReflectionUtils.invokeMethod(ReflectionUtils.java:767)
	at org.junit.jupiter.engine.execution.MethodInvocation.proceed(MethodInvocation.java:60)
	at org.junit.jupiter.engine.execution.InvocationInterceptorChain$ValidatingInvocation.proceed(InvocationInterceptorChain.java:131)
	at org.junit.jupiter.engine.extension.TimeoutExtension.intercept(TimeoutExtension.java:156)
	at org.junit.jupiter.engine.extension.TimeoutExtension.interceptTestableMethod(TimeoutExtension.java:147)
	at org.junit.jupiter.engine.extension.TimeoutExtension.interceptTestMethod(TimeoutExtension.java:86)
	at org.junit.jupiter.engine.execution.InterceptingExecutableInvoker$ReflectiveInterceptorCall.lambda$ofVoidMethod$0(InterceptingExecutableInvoker.java:103)
	at org.junit.jupiter.engine.execution.InterceptingExecutableInvoker.lambda$invoke$0(InterceptingExecutableInvoker.java:93)
	at org.junit.jupiter.engine.execution.InvocationInterceptorChain$InterceptedInvocation.proceed(InvocationInterceptorChain.java:106)
	at org.junit.jupiter.engine.execution.InvocationInterceptorChain.proceed(InvocationInterceptorChain.java:64)
	at org.junit.jupiter.engine.execution.InvocationInterceptorChain.chainAndInvoke(InvocationInterceptorChain.java:45)
	at org.junit.jupiter.engine.execution.InvocationInterceptorChain.invoke(InvocationInterceptorChain.java:37)
	at org.junit.jupiter.engine.execution.InterceptingExecutableInvoker.invoke(InterceptingExecutableInvoker.java:92)
	at org.junit.jupiter.engine.execution.InterceptingExecutableInvoker.invoke(InterceptingExecutableInvoker.java:86)
	at org.junit.jupiter.engine.descriptor.TestMethodTestDescriptor.lambda$invokeTestMethod$8(TestMethodTestDescriptor.java:217)
	at org.junit.platform.engine.support.hierarchical.ThrowableCollector.execute(ThrowableCollector.java:73)
	at org.junit.jupiter.engine.descriptor.TestMethodTestDescriptor.invokeTestMethod(TestMethodTestDescriptor.java:213)
	at org.junit.jupiter.engine.descriptor.TestMethodTestDescriptor.execute(TestMethodTestDescriptor.java:138)
	at org.junit.jupiter.engine.descriptor.TestMethodTestDescriptor.execute(TestMethodTestDescriptor.java:68)
	at org.junit.platform.engine.support.hierarchical.NodeTestTask.lambda$executeRecursively$6(NodeTestTask.java:156)
	at org.junit.platform.engine.support.hierarchical.ThrowableCollector.execute(ThrowableCollector.java:73)
	at org.junit.platform.engine.support.hierarchical.NodeTestTask.lambda$executeRecursively$8(NodeTestTask.java:146)
	at org.junit.platform.engine.support.hierarchical.Node.around(Node.java:137)
	at org.junit.platform.engine.support.hierarchical.NodeTestTask.lambda$executeRecursively$9(NodeTestTask.java:144)
	at org.junit.platform.engine.support.hierarchical.ThrowableCollector.execute(ThrowableCollector.java:73)
	at org.junit.platform.engine.support.hierarchical.NodeTestTask.executeRecursively(NodeTestTask.java:143)
	at org.junit.platform.engine.support.hierarchical.NodeTestTask.execute(NodeTestTask.java:100)
	at java.base/java.util.ArrayList.forEach(ArrayList.java:1596)
	at org.junit.platform.engine.support.hierarchical.SameThreadHierarchicalTestExecutorService.invokeAll(SameThreadHierarchicalTestExecutorService.java:41)
	at org.junit.platform.engine.support.hierarchical.NodeTestTask.lambda$executeRecursively$6(NodeTestTask.java:160)
	at org.junit.platform.engine.support.hierarchical.ThrowableCollector.execute(ThrowableCollector.java:73)
	at org.junit.platform.engine.support.hierarchical.NodeTestTask.lambda$executeRecursively$8(NodeTestTask.java:146)
	at org.junit.platform.engine.support.hierarchical.Node.around(Node.java:137)
	at org.junit.platform.engine.support.hierarchical.NodeTestTask.lambda$executeRecursively$9(NodeTestTask.java:144)
	at org.junit.platform.engine.support.hierarchical.ThrowableCollector.execute(ThrowableCollector.java:73)
	at org.junit.platform.engine.support.hierarchical.NodeTestTask.executeRecursively(NodeTestTask.java:143)
	at org.junit.platform.engine.support.hierarchical.NodeTestTask.execute(NodeTestTask.java:100)
	at java.base/java.util.ArrayList.forEach(ArrayList.java:1596)
	at org.junit.platform.engine.support.hierarchical.SameThreadHierarchicalTestExecutorService.invokeAll(SameThreadHierarchicalTestExecutorService.java:41)
	at org.junit.platform.engine.support.hierarchical.NodeTestTask.lambda$executeRecursively$6(NodeTestTask.java:160)
	at org.junit.platform.engine.support.hierarchical.ThrowableCollector.execute(ThrowableCollector.java:73)
	at org.junit.platform.engine.support.hierarchical.NodeTestTask.lambda$executeRecursively$8(NodeTestTask.java:146)
	at org.junit.platform.engine.support.hierarchical.Node.around(Node.java:137)
	at org.junit.platform.engine.support.hierarchical.NodeTestTask.lambda$executeRecursively$9(NodeTestTask.java:144)
	at org.junit.platform.engine.support.hierarchical.ThrowableCollector.execute(ThrowableCollector.java:73)
	at org.junit.platform.engine.support.hierarchical.NodeTestTask.executeRecursively(NodeTestTask.java:143)
	at org.junit.platform.engine.support.hierarchical.NodeTestTask.execute(NodeTestTask.java:100)
	at org.junit.platform.engine.support.hierarchical.SameThreadHierarchicalTestExecutorService.submit(SameThreadHierarchicalTestExecutorService.java:35)
	at org.junit.platform.engine.support.hierarchical.HierarchicalTestExecutor.execute(HierarchicalTestExecutor.java:57)
	at org.junit.platform.engine.support.hierarchical.HierarchicalTestEngine.execute(HierarchicalTestEngine.java:54)
	at org.junit.platform.launcher.core.EngineExecutionOrchestrator.execute(EngineExecutionOrchestrator.java:198)
	at org.junit.platform.launcher.core.EngineExecutionOrchestrator.execute(EngineExecutionOrchestrator.java:169)
	at org.junit.platform.launcher.core.EngineExecutionOrchestrator.execute(EngineExecutionOrchestrator.java:93)
	at org.junit.platform.launcher.core.EngineExecutionOrchestrator.lambda$execute$0(EngineExecutionOrchestrator.java:58)
	at org.junit.platform.launcher.core.EngineExecutionOrchestrator.withInterceptedStreams(EngineExecutionOrchestrator.java:141)
	at org.junit.platform.launcher.core.EngineExecutionOrchestrator.execute(EngineExecutionOrchestrator.java:57)
	at org.junit.platform.launcher.core.DefaultLauncher.execute(DefaultLauncher.java:103)
	at org.junit.platform.launcher.core.DefaultLauncher.execute(DefaultLauncher.java:85)
	at org.junit.platform.launcher.core.DelegatingLauncher.execute(DelegatingLauncher.java:47)
	at org.apache.maven.surefire.junitplatform.LazyLauncher.execute(LazyLauncher.java:56)
	at org.apache.maven.surefire.junitplatform.JUnitPlatformProvider.execute(JUnitPlatformProvider.java:184)
	at org.apache.maven.surefire.junitplatform.JUnitPlatformProvider.invokeAllTests(JUnitPlatformProvider.java:148)
	at org.apache.maven.surefire.junitplatform.JUnitPlatformProvider.invoke(JUnitPlatformProvider.java:122)
	at org.apache.maven.surefire.booter.ForkedBooter.runSuitesInProcess(ForkedBooter.java:385)
	at org.apache.maven.surefire.booter.ForkedBooter.execute(ForkedBooter.java:162)
	at org.apache.maven.surefire.booter.ForkedBooter.run(ForkedBooter.java:507)
	at org.apache.maven.surefire.booter.ForkedBooter.main(ForkedBooter.java:495)
2026-05-02 18:24:46.647 ERROR [auth-service] [main] c.s.a.e.GlobalExceptionHandler - Runtime exception: Something went wrong
2026-05-02 18:24:47.182 INFO  [auth-service] [main] c.skillsync.auth.service.AuthService - User registered successfully: test@example.com
2026-05-02 18:24:47.303 INFO  [auth-service] [main] c.skillsync.auth.service.AuthService - Token refreshed for user: test@example.com
2026-05-02 18:24:47.309 INFO  [auth-service] [main] c.skillsync.auth.service.AuthService - User role updated to ROLE_MENTOR for userId: 1
2026-05-02 18:24:47.319 WARN  [auth-service] [main] c.skillsync.auth.service.AuthService - Login attempt by unverified user: test@example.com
2026-05-02 18:24:47.327 INFO  [auth-service] [main] c.skillsync.auth.service.AuthService - User logged in: test@example.com
2026-05-02 18:24:47.505 INFO  [auth-service] [main] c.s.auth.service.EmailService - [EMAIL] Sending email to: user@example.com | emailType=OTP_VERIFICATION
2026-05-02 18:24:47.578 INFO  [auth-service] [main] c.s.auth.service.EmailService - [EMAIL] Email sent successfully | to=user@example.com | emailType=OTP_VERIFICATION
2026-05-02 18:24:47.583 INFO  [auth-service] [main] c.s.auth.service.EmailService - [EMAIL] Sending email to: user@example.com | emailType=WELCOME_EMAIL
2026-05-02 18:24:47.589 ERROR [auth-service] [main] c.s.auth.service.EmailService - [EMAIL] Unexpected error sending email | to=user@example.com | emailType=WELCOME_EMAIL | error=Mail server down
2026-05-02 18:24:47.592 INFO  [auth-service] [main] c.s.auth.service.EmailService - [EMAIL] Sending email to: user@example.com | emailType=OTP_VERIFICATION
2026-05-02 18:24:47.598 INFO  [auth-service] [main] c.s.auth.service.EmailService - [EMAIL] Email sent successfully | to=user@example.com | emailType=OTP_VERIFICATION
2026-05-02 18:24:47.601 INFO  [auth-service] [main] c.s.auth.service.EmailService - [EMAIL] Sending email to: user@example.com | emailType=WELCOME_EMAIL
2026-05-02 18:24:47.607 INFO  [auth-service] [main] c.s.auth.service.EmailService - [EMAIL] Email sent successfully | to=user@example.com | emailType=WELCOME_EMAIL
2026-05-02 18:24:47.612 INFO  [auth-service] [main] c.s.auth.service.EmailService - [EMAIL] Sending email to: user@example.com | emailType=PASSWORD_RESET_OTP
2026-05-02 18:24:47.618 INFO  [auth-service] [main] c.s.auth.service.EmailService - [EMAIL] Email sent successfully | to=user@example.com | emailType=PASSWORD_RESET_OTP
2026-05-02 18:24:47.708 WARN  [auth-service] [main] c.skillsync.auth.service.OtpService - Rolling back registration for email: test@example.com
2026-05-02 18:24:47.713 INFO  [auth-service] [main] c.skillsync.auth.service.OtpService - OTP generated and sent to: test@example.com
2026-05-02 18:24:47.714 INFO  [auth-service] [main] c.skillsync.auth.service.OtpService - OTP resent to: test@example.com
2026-05-02 18:24:47.719 WARN  [auth-service] [main] c.skillsync.auth.service.OtpService - Rolling back registration for email: test@example.com
2026-05-02 18:24:47.727 INFO  [auth-service] [main] c.skillsync.auth.service.OtpService - OTP verified for: test@example.com type: REGISTRATION
2026-05-02 18:24:47.730 INFO  [auth-service] [main] c.skillsync.auth.service.OtpService - Expired OTP tokens cleaned up
2026-05-02 18:24:47.737 INFO  [auth-service] [main] c.skillsync.auth.service.OtpService - OTP generated and sent to: test@example.com
